<?xml version="1.0" encoding="UTF-8"?>
<!-- Generated by org.testng.reporters.JUnitReportReporter -->
<testsuite hostname="admin" failures="0" tests="1" name="ComplexDummyAPI.Code" time="5.462" errors="0" timestamp="2023-01-17T13:05:38 IST" skipped="0">
  <testcase classname="ComplexDummyAPI.Code" name="test" time="5.462"/>
  <system-out/>
</testsuite> <!-- ComplexDummyAPI.Code -->
