<?xml version="1.0" encoding="UTF-8"?>
<!-- Generated by org.testng.reporters.JUnitReportReporter -->
<testsuite hostname="admin" failures="0" tests="1" name="POJOADEMO.TestPojo" time="8.258" errors="0" timestamp="2023-01-26T09:56:15 IST" skipped="0">
  <testcase classname="POJOADEMO.TestPojo" name="pokoClass" time="8.258"/>
  <system-out/>
</testsuite> <!-- POJOADEMO.TestPojo -->
