<?xml version="1.0" encoding="UTF-8"?>
<!-- Generated by org.testng.reporters.JUnitReportReporter -->
<testsuite hostname="admin" failures="0" tests="1" name="E2ETesting.E2E" time="8.067" errors="0" timestamp="2023-01-28T23:01:56 IST" skipped="0">
  <testcase classname="E2ETesting.E2E" name="GetToken" time="8.067"/>
  <system-out/>
</testsuite> <!-- E2ETesting.E2E -->
