<?xml version="1.0" encoding="UTF-8"?>
<!-- Generated by org.testng.reporters.JUnitReportReporter -->
<testsuite hostname="admin" failures="0" tests="1" name="ComplexCode.SumValidation" time="4.564" errors="0" timestamp="2023-01-15T22:52:41 IST" skipped="0">
  <testcase classname="ComplexCode.SumValidation" name="sumOfCourses" time="4.564"/>
  <system-out/>
</testsuite> <!-- ComplexCode.SumValidation -->
