<?xml version="1.0" encoding="UTF-8"?>
<!-- Generated by org.testng.reporters.JUnitReportReporter -->
<testsuite hostname="admin" failures="0" tests="5" name="LibraryAPIAndDataProvider.Code" time="7.837" errors="0" timestamp="2023-01-16T11:04:02 IST" skipped="0">
  <testcase classname="LibraryAPIAndDataProvider.Code" name="test" time="0.290"/>
  <system-out/>
  <testcase classname="LibraryAPIAndDataProvider.Code" name="test" time="6.689"/>
  <system-out/>
  <testcase classname="LibraryAPIAndDataProvider.Code" name="test" time="0.298"/>
  <system-out/>
  <testcase classname="LibraryAPIAndDataProvider.Code" name="test" time="0.300"/>
  <system-out/>
  <testcase classname="LibraryAPIAndDataProvider.Code" name="test" time="0.260"/>
  <system-out/>
</testsuite> <!-- LibraryAPIAndDataProvider.Code -->
