<?xml version="1.0" encoding="UTF-8"?>
<!-- Generated by org.testng.reporters.JUnitReportReporter -->
<testsuite hostname="admin" failures="0" tests="1" name="JIRA.TestClass" time="6.016" errors="0" timestamp="2023-01-21T19:13:21 IST" skipped="0">
  <testcase classname="JIRA.TestClass" name="AddTask" time="6.016"/>
  <system-out/>
</testsuite> <!-- JIRA.TestClass -->
