<?xml version="1.0" encoding="UTF-8"?>
<!-- Generated by org.testng.reporters.JUnitReportReporter -->
<testsuite hostname="admin" failures="0" tests="1" name="Jenkins.TestA" time="9.898" errors="0" timestamp="4 Dec 2022 07:05:53 GMT">
  <testcase classname="Jenkins.TestA" name="openBrowser" time="9.898"/>
</testsuite> <!-- Jenkins.TestA -->
