<?xml version="1.0" encoding="UTF-8"?>
<!-- Generated by org.testng.reporters.JUnitReportReporter -->
<testsuite hostname="admin" failures="0" tests="1" name="Jenkins.TestA" time="13.039" errors="0" timestamp="2022-12-04T13:39:19 IST" skipped="0">
  <testcase classname="Jenkins.TestA" name="openBrowser" time="13.039"/>
  <system-out/>
</testsuite> <!-- Jenkins.TestA -->
